<?xml version="1.0" encoding="utf-8"?><testsuites name="pytest tests"><testsuite name="pytest" errors="0" failures="0" skipped="0" tests="16" time="4.981" timestamp="2026-05-27T22:54:21.548940-03:00" hostname="DESKTOP-VH37F1K"><testcase classname="tests.test_auth" name="test_login_invalid_user" time="0.003" /><testcase classname="tests.test_auth" name="test_login_invalid_password" time="0.652" /><testcase classname="tests.test_auth" name="test_password_visibility_toggle" time="0.001" /><testcase classname="tests.test_auth" name="test_login_success_controlvalueoficial" time="0.595" /><testcase classname="tests.test_auth" name="test_logout_flow" time="0.001" /><testcase classname="tests.test_formatters" name="test_format_ticker_for_display" time="0.001" /><testcase classname="tests.test_formatters" name="test_escape_html" time="0.001" /><testcase classname="tests.test_formatters" name="test_format_brl" time="0.001" /><testcase classname="tests.test_formatters" name="test_infer_asset_type_crypto" time="0.001" /><testcase classname="tests.test_formatters" name="test_infer_asset_type_reits" time="0.000" /><testcase classname="tests.test_refresh_manager" name="test_is_market_open_br_weekend" time="0.007" /><testcase classname="tests.test_refresh_manager" name="test_is_market_open_br_business_day_open" time="0.255" /><testcase classname="tests.test_refresh_manager" name="test_is_market_open_br_business_day_closed_early" time="0.001" /><testcase classname="tests.test_refresh_manager" name="test_is_market_open_br_business_day_closed_late" time="0.001" /><testcase classname="tests.test_refresh_manager" name="test_is_market_open_us_business_day_open" time="0.003" /><testcase classname="tests.test_refresh_manager" name="test_is_market_open_us_business_day_closed_early" time="0.001" /></testsuite></testsuites>